<?xml version="1.0" encoding="UTF-8" standalone="no"?>
<testsuite failures="1" name="cucumber.runtime.formatter.JUnitFormatter" skipped="0" tests="2" time="19.50518">
<testcase classname="To Check Login Function in Facebook Application" name="To Pass Valid Username and Valid Password" time="12.976195">
<system-out><![CDATA[Given To Open Chrome Browser................................................passed
When To Pass Username and Password..........................................passed
Then To Close Chrome Browser................................................passed
]]></system-out>
</testcase>
<testcase classname="To Create new account in Facebook" name="To Pass all data" time="6.528985">
<failure message="The scenario has pending or undefined step(s)"><![CDATA[Given To Open Chrome Browser................................................passed
When To Click Create New Button.............................................undefined
Then To Click Signin Button.................................................skipped
]]></failure>
</testcase>
</testsuite>
